#-----------------------------------------------------------
# Vivado v2016.3 (64-bit)
# SW Build 1682563 on Mon Oct 10 19:07:27 MDT 2016
# IP Build 1681267 on Mon Oct 10 21:28:31 MDT 2016
# Start of session at: Sun Jan 15 23:53:13 2017
# Process ID: 6392
# Current directory: C:/project/vivadoProject/EX_Prj/QM_XC7A35TFTG256
# Command line: vivado.exe -gui_launcher_event rodinguilauncherevent20076 C:\project\vivadoProject\EX_Prj\QM_XC7A35TFTG256\QM_XC7A35TFTG256.xpr
# Log file: C:/project/vivadoProject/EX_Prj/QM_XC7A35TFTG256/vivado.log
# Journal file: C:/project/vivadoProject/EX_Prj/QM_XC7A35TFTG256\vivado.jou
#-----------------------------------------------------------
start_gui
open_project C:/project/vivadoProject/EX_Prj/QM_XC7A35TFTG256/QM_XC7A35TFTG256.xpr
Scanning sources...
Finished scanning sources
INFO: [IP_Flow 19-234] Refreshing IP repositories
INFO: [IP_Flow 19-1704] No user IP repositories specified
INFO: [IP_Flow 19-2313] Loaded Vivado IP repository 'C:/Xilinx/2016_3/Vivado/2016.3/data/ip'.
open_project: Time (s): cpu = 00:00:14 ; elapsed = 00:00:06 . Memory (MB): peak = 732.859 ; gain = 79.102
open_hw
connect_hw_server
INFO: [Labtools 27-2285] Connecting to hw_server url TCP:localhost:3121
