Vivado Simulator 2016.4
Copyright 1986-1999, 2001-2016 Xilinx, Inc. All Rights Reserved.
Running: C:/Xilinx/Vivado/2016.4/bin/unwrapped/win64.o/xelab.exe -wto 85023478c8774591a5e1aabf500d4908 --debug typical --relax --mt 2 -L xil_defaultlib -L unisims_ver -L unimacro_ver -L secureip -L xpm --snapshot TOP_tb_behav xil_defaultlib.TOP_tb xil_defaultlib.glbl -log elaborate.log 
Using 2 slave threads.
Starting static elaboration
Completed static elaboration
Starting simulation data flow analysis
WARNING: [XSIM 43-4100] "C:/project/vivadoProject/2017_2_17_HDB3_encode/2017_2_17_HDB3_encode1/QM_XC7A35TFTG256.sim/sim_1/behav/glbl.v" Line 6. Module glbl has a timescale but at least one module in design doesn't have timescale.
WARNING: [XSIM 43-4100] "C:/project/vivadoProject/2017_2_17_HDB3_encode/2017_2_17_HDB3_encode1/QM_XC7A35TFTG256.sim/sim_1/behav/glbl.v" Line 6. Module glbl has a timescale but at least one module in design doesn't have timescale.
Completed simulation data flow analysis
Time Resolution for simulation is 1ps
Compiling module xil_defaultlib.source
Compiling module xil_defaultlib.add_v
Compiling module xil_defaultlib.add_b
Compiling module xil_defaultlib.polar
Compiling module xil_defaultlib.remove_bv
Compiling module xil_defaultlib.remove_polar
Compiling module xil_defaultlib.TOP
Compiling module xil_defaultlib.TOP_tb
Compiling module xil_defaultlib.glbl
Built simulation snapshot TOP_tb_behav
