Copyright 1986-2016 Xilinx, Inc. All Rights Reserved.
------------------------------------------------------------------------------------
| Tool Version : Vivado v.2016.4 (win64) Build 1733598 Wed Dec 14 22:35:39 MST 2016
| Date         : Thu Feb 16 13:26:51 2017
| Host         : beibei running 64-bit major release  (build 9200)
| Command      : report_clock_utilization -file TOP_clock_utilization_routed.rpt
| Design       : TOP
| Device       : 7a35t-ftg256
| Speed File   : -1  PRODUCTION 1.16 2016-11-09
------------------------------------------------------------------------------------

Clock Utilization Report

Table of Contents
-----------------
1. Clock Primitive Utilization
2. Global Clock Resources
3. Global Clock Source Details
4. Clock Regions: Key Resource Utilization
5. Clock Regions : Global Clock Summary
6. Cell Type Counts per Global Clock: Region X0Y0
7. Load Cell Placement Summary for Global Clock g0
8. Load Cell Placement Summary for Global Clock g1

1. Clock Primitive Utilization
------------------------------

+----------+------+-----------+-----+--------------+--------+
| Type     | Used | Available | LOC | Clock Region | Pblock |
+----------+------+-----------+-----+--------------+--------+
| BUFGCTRL |    2 |        32 |   0 |            0 |      0 |
| BUFH     |    0 |        72 |   0 |            0 |      0 |
| BUFIO    |    0 |        20 |   0 |            0 |      0 |
| BUFMR    |    0 |        10 |   0 |            0 |      0 |
| BUFR     |    0 |        20 |   0 |            0 |      0 |
| MMCM     |    1 |         5 |   0 |            0 |      0 |
| PLL      |    0 |         5 |   0 |            0 |      0 |
+----------+------+-----------+-----+--------------+--------+


2. Global Clock Resources
-------------------------

+-----------+-----------+-----------------+------------+---------------+--------------+------+-------------------+-------------------+-------------+-----------------+--------------+--------------------+---------------------------------+------------------------------------------+
| Global Id | Source Id | Driver Type/Pin | Constraint | Site          | Clock Region | Root | Clock Delay Group | Load Clock Region | Clock Loads | Non-Clock Loads | Clock Period | Clock              | Driver Pin                      | Net                                      |
+-----------+-----------+-----------------+------------+---------------+--------------+------+-------------------+-------------------+-------------+-----------------+--------------+--------------------+---------------------------------+------------------------------------------+
| g0        | src0      | BUFG/O          | None       | BUFGCTRL_X0Y0 | n/a          |      |                   |                 1 |          32 |               1 |        6.667 | clk_150m_clk_wiz_0 | clk_wiz_0_u1/inst/clkout2_buf/O | clk_wiz_0_u1/inst/clk_150m               |
| g1        | src0      | BUFG/O          | None       | BUFGCTRL_X0Y1 | n/a          |      |                   |                 1 |           1 |               0 |       20.000 | clkfbout_clk_wiz_0 | clk_wiz_0_u1/inst/clkf_buf/O    | clk_wiz_0_u1/inst/clkfbout_buf_clk_wiz_0 |
+-----------+-----------+-----------------+------------+---------------+--------------+------+-------------------+-------------------+-------------+-----------------+--------------+--------------------+---------------------------------+------------------------------------------+
* Clock Loads column represents the clock pin loads (pin count)
** Non-Clock Loads column represents the non-clock pin loads (pin count)


3. Global Clock Source Details
------------------------------

+-----------+-----------+---------------------+------------+-----------------+--------------+-------------+-----------------+---------------------+--------------------+------------------------------------------+--------------------------------------+
| Source Id | Global Id | Driver Type/Pin     | Constraint | Site            | Clock Region | Clock Loads | Non-Clock Loads | Source Clock Period | Source Clock       | Driver Pin                               | Net                                  |
+-----------+-----------+---------------------+------------+-----------------+--------------+-------------+-----------------+---------------------+--------------------+------------------------------------------+--------------------------------------+
| src0      | g0        | MMCME2_ADV/CLKOUT1  | None       | MMCME2_ADV_X0Y0 | X0Y0         |           1 |               0 |               6.667 | clk_150m_clk_wiz_0 | clk_wiz_0_u1/inst/mmcm_adv_inst/CLKOUT1  | clk_wiz_0_u1/inst/clk_150m_clk_wiz_0 |
| src0      | g1        | MMCME2_ADV/CLKFBOUT | None       | MMCME2_ADV_X0Y0 | X0Y0         |           1 |               0 |              20.000 | clkfbout_clk_wiz_0 | clk_wiz_0_u1/inst/mmcm_adv_inst/CLKFBOUT | clk_wiz_0_u1/inst/clkfbout_clk_wiz_0 |
+-----------+-----------+---------------------+------------+-----------------+--------------+-------------+-----------------+---------------------+--------------------+------------------------------------------+--------------------------------------+
* Clock Loads column represents the clock pin loads (pin count)
** Non-Clock Loads column represents the non-clock pin loads (pin count)


4. Clock Regions: Key Resource Utilization
------------------------------------------

+-------------------+--------------+--------------+--------------+--------------+--------------+--------------+--------------+--------------+--------------+--------------+--------------+--------------+--------------+--------------+--------------+
|                   | Global Clock |     BUFRs    |    BUFMRs    |    BUFIOs    |     MMCM     |      PLL     |      GT      |      PCI     |    ILOGIC    |    OLOGIC    |      FF      |     LUTM     |    RAMB18    |    RAMB36    |    DSP48E2   |
+-------------------+------+-------+------+-------+------+-------+------+-------+------+-------+------+-------+------+-------+------+-------+------+-------+------+-------+------+-------+------+-------+------+-------+------+-------+------+-------+
| Clock Region Name | Used | Avail | Used | Avail | Used | Avail | Used | Avail | Used | Avail | Used | Avail | Used | Avail | Used | Avail | Used | Avail | Used | Avail | Used | Avail | Used | Avail | Used | Avail | Used | Avail | Used | Avail |
+-------------------+------+-------+------+-------+------+-------+------+-------+------+-------+------+-------+------+-------+------+-------+------+-------+------+-------+------+-------+------+-------+------+-------+------+-------+------+-------+
| X0Y0              |    2 |    12 |    0 |     4 |    0 |     2 |    0 |     4 |    1 |     1 |    0 |     1 |    0 |     0 |    0 |     0 |    0 |    50 |    0 |    50 |   32 |  1200 |    0 |   400 |    0 |    20 |    0 |    10 |    0 |    20 |
| X1Y0              |    0 |    12 |    0 |     4 |    0 |     2 |    0 |     4 |    0 |     1 |    0 |     1 |    0 |     0 |    0 |     0 |    0 |    50 |    0 |    50 |    0 |  1500 |    0 |   450 |    0 |    40 |    0 |    20 |    0 |    20 |
| X0Y1              |    0 |    12 |    0 |     4 |    0 |     2 |    0 |     4 |    0 |     1 |    0 |     1 |    0 |     0 |    0 |     0 |    0 |    50 |    0 |    50 |    0 |  1200 |    0 |   400 |    0 |    20 |    0 |    10 |    0 |    20 |
| X1Y1              |    0 |    12 |    0 |     4 |    0 |     2 |    0 |     4 |    0 |     1 |    0 |     1 |    0 |     0 |    0 |     0 |    0 |    50 |    0 |    50 |    0 |  1500 |    0 |   450 |    0 |    40 |    0 |    20 |    0 |    20 |
| X0Y2              |    0 |    12 |    0 |     4 |    0 |     2 |    0 |     4 |    0 |     1 |    0 |     1 |    0 |     0 |    0 |     0 |    0 |    50 |    0 |    50 |    0 |  1800 |    0 |   400 |    0 |    20 |    0 |    10 |    0 |    20 |
| X1Y2              |    0 |    12 |    0 |     0 |    0 |     0 |    0 |     0 |    0 |     0 |    0 |     0 |    0 |     4 |    0 |     1 |    0 |     0 |    0 |     0 |    0 |   950 |    0 |   300 |    0 |    10 |    0 |     5 |    0 |    20 |
+-------------------+------+-------+------+-------+------+-------+------+-------+------+-------+------+-------+------+-------+------+-------+------+-------+------+-------+------+-------+------+-------+------+-------+------+-------+------+-------+
* Global Clock column represents track count; while other columns represents cell counts


5. Clock Regions : Global Clock Summary
---------------------------------------

+----+----+----+
|    | X0 | X1 |
+----+----+----+
| Y2 |  0 |  0 |
| Y1 |  0 |  0 |
| Y0 |  2 |  0 |
+----+----+----+


6. Cell Type Counts per Global Clock: Region X0Y0
-------------------------------------------------

+-----------+-------+-----------------+------------+-------------+-----------------+----+--------+------+-----+----+------+-----+---------+------------------------------------------+
| Global Id | Track | Driver Type/Pin | Constraint | Clock Loads | Non-Clock Loads | FF | LUTRAM | RAMB | DSP | GT | MMCM | PLL | Hard IP | Net                                      |
+-----------+-------+-----------------+------------+-------------+-----------------+----+--------+------+-----+----+------+-----+---------+------------------------------------------+
| g0        | n/a   | BUFG/O          | None       |          32 |               1 | 32 |      0 |    0 |   0 |  0 |    0 |   0 |       0 | clk_wiz_0_u1/inst/clk_150m               |
| g1        | n/a   | BUFG/O          | None       |           1 |               0 |  0 |      0 |    0 |   0 |  0 |    1 |   0 |       0 | clk_wiz_0_u1/inst/clkfbout_buf_clk_wiz_0 |
+-----------+-------+-----------------+------------+-------------+-----------------+----+--------+------+-----+----+------+-----+---------+------------------------------------------+
* Clock Loads column represents the clock pin loads (pin count)
** Non-Clock Loads column represents the non-clock pin loads (pin count)
*** Columns FF, LUTRAM, RAMB through 'Hard IP' represents load cell counts


7. Load Cell Placement Summary for Global Clock g0
--------------------------------------------------

+-----------+-----------------+-------------------+--------------------+-------------+---------------+----------+-------------+----------+----------------+----------+----------------------------+
| Global Id | Driver Type/Pin | Driver Region (D) | Clock              | Period (ns) | Waveform (ns) | Root (R) | Slice Loads | IO Loads | Clocking Loads | GT Loads | Net                        |
+-----------+-----------------+-------------------+--------------------+-------------+---------------+----------+-------------+----------+----------------+----------+----------------------------+
| g0        | BUFG/O          | n/a               | clk_150m_clk_wiz_0 |       6.667 | {0.000 3.333} |          |          32 |        1 |              0 |        0 | clk_wiz_0_u1/inst/clk_150m |
+-----------+-----------------+-------------------+--------------------+-------------+---------------+----------+-------------+----------+----------------+----------+----------------------------+
* Slice Loads column represents load cell count of all cell types other than IO, GT and clock resources
** IO Loads column represents load cell count of IO types
*** Clocking Loads column represents load cell count that are clock resources (global clock buffer, MMCM, PLL, etc)
**** GT Loads column represents load cell count of GT types


+----+-----+----+
|    | X0  | X1 |
+----+-----+----+
| Y2 |   0 |  0 |
| Y1 |   0 |  0 |
| Y0 |  33 |  0 |
+----+-----+----+


8. Load Cell Placement Summary for Global Clock g1
--------------------------------------------------

+-----------+-----------------+-------------------+--------------------+-------------+----------------+----------+-------------+----------+----------------+----------+------------------------------------------+
| Global Id | Driver Type/Pin | Driver Region (D) | Clock              | Period (ns) | Waveform (ns)  | Root (R) | Slice Loads | IO Loads | Clocking Loads | GT Loads | Net                                      |
+-----------+-----------------+-------------------+--------------------+-------------+----------------+----------+-------------+----------+----------------+----------+------------------------------------------+
| g1        | BUFG/O          | n/a               | clkfbout_clk_wiz_0 |      20.000 | {0.000 10.000} |          |           0 |        0 |              1 |        0 | clk_wiz_0_u1/inst/clkfbout_buf_clk_wiz_0 |
+-----------+-----------------+-------------------+--------------------+-------------+----------------+----------+-------------+----------+----------------+----------+------------------------------------------+
* Slice Loads column represents load cell count of all cell types other than IO, GT and clock resources
** IO Loads column represents load cell count of IO types
*** Clocking Loads column represents load cell count that are clock resources (global clock buffer, MMCM, PLL, etc)
**** GT Loads column represents load cell count of GT types


+----+----+----+
|    | X0 | X1 |
+----+----+----+
| Y2 |  0 |  0 |
| Y1 |  0 |  0 |
| Y0 |  1 |  0 |
+----+----+----+



# Location of BUFG Primitives 
set_property LOC BUFGCTRL_X0Y1 [get_cells clk_wiz_0_u1/inst/clkf_buf]
set_property LOC BUFGCTRL_X0Y0 [get_cells clk_wiz_0_u1/inst/clkout2_buf]

# Location of IO Primitives which is load of clock spine
set_property LOC IOB_X0Y28 [get_cells da_clk_OBUF_inst]

# Location of clock ports
set_property LOC IOB_X0Y24 [get_ports clk]

# Clock net "clk_wiz_0_u1/inst/clk_150m" driven by instance "clk_wiz_0_u1/inst/clkout2_buf" located at site "BUFGCTRL_X0Y0"
#startgroup
create_pblock {CLKAG_clk_wiz_0_u1/inst/clk_150m}
add_cells_to_pblock [get_pblocks  {CLKAG_clk_wiz_0_u1/inst/clk_150m}] [get_cells -filter { PRIMITIVE_GROUP != I/O && IS_PRIMITIVE==1 && PRIMITIVE_LEVEL !=INTERNAL && NAME!=da_clk_OBUF_inst} -of_object [get_pins -filter {DIRECTION==IN} -of_objects [get_nets -hierarchical -filter {PARENT=="clk_wiz_0_u1/inst/clk_150m"}]]]
resize_pblock [get_pblocks {CLKAG_clk_wiz_0_u1/inst/clk_150m}] -add {CLOCKREGION_X0Y0:CLOCKREGION_X0Y0}
#endgroup
