Copyright 1986-2016 Xilinx, Inc. All Rights Reserved.
-------------------------------------------------------------------------------------------------------------------------------
| Tool Version     : Vivado v.2016.4 (win64) Build 1733598 Wed Dec 14 22:35:39 MST 2016
| Date             : Thu Feb 16 13:26:50 2017
| Host             : beibei running 64-bit major release  (build 9200)
| Command          : report_power -file TOP_power_routed.rpt -pb TOP_power_summary_routed.pb -rpx TOP_power_routed.rpx
| Design           : TOP
| Device           : xc7a35tftg256-1
| Design State     : routed
| Grade            : commercial
| Process          : typical
| Characterization : Production
-------------------------------------------------------------------------------------------------------------------------------

Power Report

Table of Contents
-----------------
1. Summary
1.1 On-Chip Components
1.2 Power Supply Summary
1.3 Confidence Level
2. Settings
2.1 Environment
2.2 Clock Constraints
3. Detailed Reports
3.1 By Hierarchy

1. Summary
----------

+--------------------------+--------+
| Total On-Chip Power (W)  | 0.285  |
| Dynamic (W)              | 0.212  |
| Device Static (W)        | 0.072  |
| Effective TJA (C/W)      | 4.9    |
| Max Ambient (C)          | 83.6   |
| Junction Temperature (C) | 26.4   |
| Confidence Level         | Medium |
| Setting File             | ---    |
| Simulation Activity File | ---    |
| Design Nets Matched      | NA     |
+--------------------------+--------+


1.1 On-Chip Components
----------------------

+----------------+-----------+----------+-----------+-----------------+
| On-Chip        | Power (W) | Used     | Available | Utilization (%) |
+----------------+-----------+----------+-----------+-----------------+
| Clocks         |     0.001 |        5 |       --- |             --- |
| Slice Logic    |     0.006 |      375 |       --- |             --- |
|   LUT as Logic |     0.006 |      231 |     20800 |            1.11 |
|   F7/F8 Muxes  |    <0.001 |       96 |     32600 |            0.29 |
|   CARRY4       |    <0.001 |        8 |      8150 |            0.10 |
|   Register     |    <0.001 |       32 |     41600 |            0.08 |
|   Others       |     0.000 |        4 |       --- |             --- |
| Signals        |     0.005 |      166 |       --- |             --- |
| MMCM           |     0.125 |        1 |         5 |           20.00 |
| I/O            |     0.075 |       17 |       170 |           10.00 |
| Static Power   |     0.072 |          |           |                 |
| Total          |     0.285 |          |           |                 |
+----------------+-----------+----------+-----------+-----------------+


1.2 Power Supply Summary
------------------------

+-----------+-------------+-----------+-------------+------------+
| Source    | Voltage (V) | Total (A) | Dynamic (A) | Static (A) |
+-----------+-------------+-----------+-------------+------------+
| Vccint    |       1.000 |     0.023 |       0.013 |      0.010 |
| Vccaux    |       1.800 |     0.085 |       0.072 |      0.013 |
| Vcco33    |       3.300 |     0.022 |       0.021 |      0.001 |
| Vcco25    |       2.500 |     0.000 |       0.000 |      0.000 |
| Vcco18    |       1.800 |     0.000 |       0.000 |      0.000 |
| Vcco15    |       1.500 |     0.000 |       0.000 |      0.000 |
| Vcco135   |       1.350 |     0.000 |       0.000 |      0.000 |
| Vcco12    |       1.200 |     0.000 |       0.000 |      0.000 |
| Vccaux_io |       1.800 |     0.000 |       0.000 |      0.000 |
| Vccbram   |       1.000 |     0.000 |       0.000 |      0.000 |
| MGTAVcc   |       1.000 |     0.000 |       0.000 |      0.000 |
| MGTAVtt   |       1.200 |     0.000 |       0.000 |      0.000 |
| Vccadc    |       1.800 |     0.020 |       0.000 |      0.020 |
+-----------+-------------+-----------+-------------+------------+


1.3 Confidence Level
--------------------

+-----------------------------+------------+-------------------------------------------------------+------------------------------------------------------------------------------------------------------------+
| User Input Data             | Confidence | Details                                               | Action                                                                                                     |
+-----------------------------+------------+-------------------------------------------------------+------------------------------------------------------------------------------------------------------------+
| Design implementation state | High       | Design is routed                                      |                                                                                                            |
| Clock nodes activity        | High       | User specified more than 95% of clocks                |                                                                                                            |
| I/O nodes activity          | Medium     | More than 5% of inputs are missing user specification | Provide missing input activity with simulation results or by editing the "By Resource Type -> I/Os" view   |
| Internal nodes activity     | Medium     | User specified less than 25% of internal nodes        | Provide missing internal nodes activity with simulation results or by editing the "By Resource Type" views |
| Device models               | High       | Device models are Production                          |                                                                                                            |
|                             |            |                                                       |                                                                                                            |
| Overall confidence level    | Medium     |                                                       |                                                                                                            |
+-----------------------------+------------+-------------------------------------------------------+------------------------------------------------------------------------------------------------------------+


2. Settings
-----------

2.1 Environment
---------------

+-----------------------+--------------------------+
| Ambient Temp (C)      | 25.0                     |
| ThetaJA (C/W)         | 4.9                      |
| Airflow (LFM)         | 250                      |
| Heat Sink             | medium (Medium Profile)  |
| ThetaSA (C/W)         | 4.6                      |
| Board Selection       | medium (10"x10")         |
| # of Board Layers     | 12to15 (12 to 15 Layers) |
| Board Temperature (C) | 25.0                     |
+-----------------------+--------------------------+


2.2 Clock Constraints
---------------------

+--------------------+--------------------------------------+-----------------+
| Clock              | Domain                               | Constraint (ns) |
+--------------------+--------------------------------------+-----------------+
| clk                | clk                                  |            20.0 |
| clk_150m_clk_wiz_0 | clk_wiz_0_u1/inst/clk_150m_clk_wiz_0 |             6.7 |
| clkfbout_clk_wiz_0 | clk_wiz_0_u1/inst/clkfbout_clk_wiz_0 |            20.0 |
+--------------------+--------------------------------------+-----------------+


3. Detailed Reports
-------------------

3.1 By Hierarchy
----------------

+----------------+-----------+
| Name           | Power (W) |
+----------------+-----------+
| TOP            |     0.212 |
|   IQsin_u1     |     0.004 |
|   clk_wiz_0_u1 |     0.126 |
|     inst       |     0.126 |
|   sig_rom1_u1  |     0.008 |
|     U0         |     0.008 |
+----------------+-----------+


